[2026-05-21T23:41:13.723Z] Connection update: connecting
[2026-05-21T23:42:49.067Z] Connection update: connecting
[2026-05-21T23:44:58.262Z] Connection update: connecting
[2026-05-21T23:44:58.697Z] Connection update: close
[2026-05-21T23:44:58.697Z] Connection closed. Status: 405, Reason: Connection Failure
[2026-05-21T23:44:58.698Z] Critical error, stopping reconnection attempts
[2026-05-21T23:49:37.312Z] Uncaught Exception: [Error: ENOENT: no such file or directory, open '/Users/nunoribeiro/repos/cpp_screener/whatsapp-bot/bot.qr.png'] {
  errno: -2,
  code: 'ENOENT',
  syscall: 'open',
  path: '/Users/nunoribeiro/repos/cpp_screener/whatsapp-bot/bot.qr.png'
}
[2026-05-21T23:50:02.248Z] Connection update: connecting
[2026-05-21T23:50:03.470Z] Connection update: close
[2026-05-21T23:50:03.470Z] Connection closed. Status: 405, Reason: Connection Failure
[2026-05-21T23:50:03.470Z] Critical error, stopping reconnection attempts
[2026-05-21T23:59:27.338Z] Connection update: connecting
[2026-05-21T23:59:28.398Z] Connection update: undefined
[2026-05-21T23:59:28.398Z] QR Code received
[2026-05-22T00:00:08.417Z] Connection update: undefined
[2026-05-22T00:00:08.418Z] QR Code received
[2026-05-22T00:00:48.425Z] Connection update: undefined
[2026-05-22T00:00:48.425Z] QR Code received
[2026-05-22T00:01:28.430Z] Connection update: undefined
[2026-05-22T00:01:28.430Z] QR Code received
[2026-05-22T00:02:08.435Z] Connection update: undefined
[2026-05-22T00:02:08.436Z] QR Code received
[2026-05-22T00:02:48.442Z] Connection update: undefined
[2026-05-22T00:02:48.443Z] QR Code received
[2026-05-22T00:02:59.293Z] Connection update: close
[2026-05-22T00:02:59.293Z] Connection closed. Status: 428, Reason: Connection Terminated by Server
[2026-05-22T00:02:59.293Z] Reconnection attempt 1/10 in 1000ms
[2026-05-22T00:03:00.310Z] Connection update: connecting
[2026-05-22T00:03:00.692Z] Connection update: undefined
[2026-05-22T00:03:00.692Z] QR Code received
[2026-05-22T00:03:40.696Z] Connection update: undefined
[2026-05-22T00:03:40.696Z] QR Code received
[2026-05-22T00:04:20.703Z] Connection update: undefined
[2026-05-22T00:04:20.703Z] QR Code received
[2026-05-22T00:05:00.711Z] Connection update: undefined
[2026-05-22T00:05:00.711Z] QR Code received
[2026-05-22T00:05:40.718Z] Connection update: undefined
[2026-05-22T00:05:40.718Z] QR Code received
[2026-05-22T00:06:20.721Z] Connection update: undefined
[2026-05-22T00:06:20.722Z] QR Code received
[2026-05-22T00:06:31.553Z] Connection update: close
[2026-05-22T00:06:31.553Z] Connection closed. Status: 428, Reason: Connection Terminated by Server
[2026-05-22T00:06:31.553Z] Reconnection attempt 2/10 in 2000ms
[2026-05-22T00:06:33.566Z] Connection update: connecting
[2026-05-22T00:06:34.272Z] Connection update: undefined
[2026-05-22T00:06:34.272Z] QR Code received
[2026-05-22T00:07:14.277Z] Connection update: undefined
[2026-05-22T00:07:14.277Z] QR Code received
[2026-05-22T00:07:54.284Z] Connection update: undefined
[2026-05-22T00:07:54.284Z] QR Code received
[2026-05-22T00:08:34.290Z] Connection update: undefined
[2026-05-22T00:08:34.291Z] QR Code received
[2026-05-22T00:09:14.298Z] Connection update: undefined
[2026-05-22T00:09:14.298Z] QR Code received
[2026-05-22T00:09:54.303Z] Connection update: undefined
[2026-05-22T00:09:54.303Z] QR Code received
[2026-05-22T00:10:05.120Z] Connection update: close
[2026-05-22T00:10:05.120Z] Connection closed. Status: 428, Reason: Connection Terminated by Server
[2026-05-22T00:10:05.120Z] Reconnection attempt 3/10 in 4000ms
[2026-05-22T00:10:09.135Z] Connection update: connecting
[2026-05-22T00:10:09.930Z] Connection update: undefined
[2026-05-22T00:10:09.930Z] QR Code received
[2026-05-22T00:10:49.937Z] Connection update: undefined
[2026-05-22T00:10:49.937Z] QR Code received
[2026-05-22T00:11:29.944Z] Connection update: undefined
[2026-05-22T00:11:29.949Z] QR Code received
[2026-05-22T00:12:09.954Z] Connection update: undefined
[2026-05-22T00:12:09.954Z] QR Code received
[2026-05-22T00:12:49.960Z] Connection update: undefined
[2026-05-22T00:12:49.960Z] QR Code received
[2026-05-22T00:13:29.967Z] Connection update: undefined
[2026-05-22T00:13:29.967Z] QR Code received
[2026-05-22T00:13:40.775Z] Connection update: close
[2026-05-22T00:13:40.776Z] Connection closed. Status: 428, Reason: Connection Terminated by Server
[2026-05-22T00:13:40.776Z] Reconnection attempt 4/10 in 8000ms
[2026-05-22T00:13:48.786Z] Connection update: connecting
[2026-05-22T00:13:49.019Z] Connection update: undefined
[2026-05-22T00:13:49.019Z] QR Code received
[2026-05-22T00:14:29.024Z] Connection update: undefined
[2026-05-22T00:14:29.024Z] QR Code received
[2026-05-22T00:15:09.031Z] Connection update: undefined
[2026-05-22T00:15:09.031Z] QR Code received
[2026-05-22T00:15:49.028Z] Connection update: undefined
[2026-05-22T00:15:49.028Z] QR Code received
[2026-05-22T00:16:29.026Z] Connection update: undefined
[2026-05-22T00:16:29.027Z] QR Code received
[2026-05-22T00:17:09.032Z] Connection update: undefined
[2026-05-22T00:17:09.032Z] QR Code received
[2026-05-22T00:17:19.888Z] Connection update: close
[2026-05-22T00:17:19.888Z] Connection closed. Status: 428, Reason: Connection Terminated by Server
[2026-05-22T00:17:19.888Z] Reconnection attempt 5/10 in 16000ms
[2026-05-22T00:17:35.902Z] Connection update: connecting
[2026-05-22T00:17:36.154Z] Connection update: undefined
[2026-05-22T00:17:36.154Z] QR Code received
[2026-05-22T00:18:16.160Z] Connection update: undefined
[2026-05-22T00:18:16.161Z] QR Code received
[2026-05-22T00:18:56.167Z] Connection update: undefined
[2026-05-22T00:18:56.167Z] QR Code received
[2026-05-22T00:19:29.047Z] Iniciando limpieza de recursos...
[2026-05-22T00:31:52.487Z] Connection update: connecting
[2026-05-22T00:31:52.998Z] Connection update: undefined
[2026-05-22T00:31:52.998Z] QR Code received
[2026-05-22T00:32:33.012Z] Connection update: undefined
[2026-05-22T00:32:33.012Z] QR Code received
[2026-05-22T00:33:13.018Z] Connection update: undefined
[2026-05-22T00:33:13.018Z] QR Code received
[2026-05-22T00:33:53.026Z] Connection update: undefined
[2026-05-22T00:33:53.027Z] QR Code received
[2026-05-22T00:34:33.034Z] Connection update: undefined
[2026-05-22T00:34:33.034Z] QR Code received
[2026-05-22T00:35:13.038Z] Connection update: undefined
[2026-05-22T00:35:13.038Z] QR Code received
[2026-05-22T00:35:23.899Z] Connection update: close
[2026-05-22T00:35:23.899Z] Connection closed. Status: 428, Reason: Connection Terminated by Server
[2026-05-22T00:35:23.899Z] Reconnection attempt 1/10 in 1000ms
[2026-05-22T00:35:24.914Z] Connection update: connecting
[2026-05-22T00:35:25.314Z] Connection update: undefined
[2026-05-22T00:35:25.314Z] QR Code received
[2026-05-22T00:36:05.320Z] Connection update: undefined
[2026-05-22T00:36:05.320Z] QR Code received
Error: Connection Closed
    at sendRawMessage (file:///Users/nunoribeiro/repos/cpp_screener/node_modules/.pnpm/baileys@7.0.0-rc.9_jimp@1.6.1_sharp@0.33.3/node_modules/baileys/lib/Socket/socket.js:50:19)
    at sendNode (file:///Users/nunoribeiro/repos/cpp_screener/node_modules/.pnpm/baileys@7.0.0-rc.9_jimp@1.6.1_sharp@0.33.3/node_modules/baileys/lib/Socket/socket.js:69:16)
    at Object.requestPairingCode (file:///Users/nunoribeiro/repos/cpp_screener/node_modules/.pnpm/baileys@7.0.0-rc.9_jimp@1.6.1_sharp@0.33.3/node_modules/baileys/lib/Socket/socket.js:596:15)
    at async BaileysProvider.initVendor (file:///Users/nunoribeiro/repos/cpp_screener/node_modules/.pnpm/@builderbot+provider-baileys@1.4.1/node_modules/@builderbot/provider-baileys/dist/index.mjs:33825:38) {
  data: null,
  isBoom: true,
  isServer: false,
  output: {
    statusCode: 428,
    payload: {
      statusCode: 428,
      error: 'Precondition Required',
      message: 'Connection Closed'
    },
    headers: {}
  }
}
[2026-05-22T00:36:41.129Z] Unhandled Rejection at: Promise {
  <rejected> Error: Vendor should not return empty
      at BaileysProvider.listenOnEvents (/Users/nunoribeiro/repos/cpp_screener/node_modules/.pnpm/@builderbot+bot@1.4.1/node_modules/@builderbot/bot/dist/index.cjs:34738:19)
      at /Users/nunoribeiro/repos/cpp_screener/node_modules/.pnpm/@builderbot+bot@1.4.1/node_modules/@builderbot/bot/dist/index.cjs:34715:35
} reason: Error: Vendor should not return empty
    at BaileysProvider.listenOnEvents (/Users/nunoribeiro/repos/cpp_screener/node_modules/.pnpm/@builderbot+bot@1.4.1/node_modules/@builderbot/bot/dist/index.cjs:34738:19)
    at /Users/nunoribeiro/repos/cpp_screener/node_modules/.pnpm/@builderbot+bot@1.4.1/node_modules/@builderbot/bot/dist/index.cjs:34715:35
Error: Connection Closed
    at sendRawMessage (file:///Users/nunoribeiro/repos/cpp_screener/node_modules/.pnpm/baileys@7.0.0-rc.9_jimp@1.6.1_sharp@0.33.3/node_modules/baileys/lib/Socket/socket.js:50:19)
    at sendNode (file:///Users/nunoribeiro/repos/cpp_screener/node_modules/.pnpm/baileys@7.0.0-rc.9_jimp@1.6.1_sharp@0.33.3/node_modules/baileys/lib/Socket/socket.js:69:16)
    at Object.requestPairingCode (file:///Users/nunoribeiro/repos/cpp_screener/node_modules/.pnpm/baileys@7.0.0-rc.9_jimp@1.6.1_sharp@0.33.3/node_modules/baileys/lib/Socket/socket.js:596:15)
    at async BaileysProvider.initVendor (file:///Users/nunoribeiro/repos/cpp_screener/node_modules/.pnpm/@builderbot+provider-baileys@1.4.1/node_modules/@builderbot/provider-baileys/dist/index.mjs:33825:38) {
  data: null,
  isBoom: true,
  isServer: false,
  output: {
    statusCode: 428,
    payload: {
      statusCode: 428,
      error: 'Precondition Required',
      message: 'Connection Closed'
    },
    headers: {}
  }
}
[2026-05-22T00:36:59.471Z] Unhandled Rejection at: Promise {
  <rejected> Error: Vendor should not return empty
      at BaileysProvider.listenOnEvents (/Users/nunoribeiro/repos/cpp_screener/node_modules/.pnpm/@builderbot+bot@1.4.1/node_modules/@builderbot/bot/dist/index.cjs:34738:19)
      at /Users/nunoribeiro/repos/cpp_screener/node_modules/.pnpm/@builderbot+bot@1.4.1/node_modules/@builderbot/bot/dist/index.cjs:34715:35
} reason: Error: Vendor should not return empty
    at BaileysProvider.listenOnEvents (/Users/nunoribeiro/repos/cpp_screener/node_modules/.pnpm/@builderbot+bot@1.4.1/node_modules/@builderbot/bot/dist/index.cjs:34738:19)
    at /Users/nunoribeiro/repos/cpp_screener/node_modules/.pnpm/@builderbot+bot@1.4.1/node_modules/@builderbot/bot/dist/index.cjs:34715:35
[2026-05-22T00:39:01.235Z] Connection update: undefined
[2026-05-22T00:39:41.237Z] Connection update: undefined
[2026-05-22T00:40:21.238Z] Connection update: undefined
[2026-05-22T00:51:49.320Z] Connection update: undefined
[2026-05-22T00:52:29.323Z] Connection update: undefined
[2026-05-22T00:53:09.326Z] Connection update: undefined
[2026-05-22T00:53:49.328Z] Connection update: undefined
[2026-05-22T00:54:29.329Z] Connection update: undefined
[2026-05-22T00:54:40.260Z] Connection update: close
[2026-05-22T00:54:40.260Z] Connection closed. Status: 428, Reason: Connection Terminated by Server
[2026-05-22T00:54:40.260Z] Reconnection attempt 1/10 in 1000ms
[2026-05-22T00:55:21.715Z] Connection update: undefined
[2026-05-22T00:56:01.717Z] Connection update: undefined
[2026-05-22T00:56:41.718Z] Connection update: undefined
[2026-05-22T00:56:47.478Z] Iniciando limpieza de recursos...
[2026-05-22T01:05:03.120Z] Connection update: connecting
[2026-05-22T01:05:04.423Z] Connection update: undefined
[2026-05-22T01:05:04.481Z] Connection update: undefined
[2026-05-22T01:05:04.481Z] Connection update: open
[2026-05-22T01:05:04.481Z] Connection opened successfully
[2026-05-22T01:09:46.725Z] Iniciando limpieza de recursos...
